<?xml version="1.0" encoding="UTF-8"?>
<!-- Generated by org.testng.reporters.JUnitXMLReporter -->
<testsuite ignored="0" hostname="LAPTOP-OO5J369G" failures="0" tests="4" name="Free CRM App Test Cases" time="95.387" errors="0" timestamp="16 Jan 2024 05:27:11 GMT">
  <testcase classname="com.deepfeed.qa.testcases.LoginPageTest" name="LoginPageTitleTest" time="0.045"/>
  <testcase classname="com.deepfeed.qa.testcases.HomePageTest" name="verifyUsernameTes" time="2.914"/>
  <testcase classname="com.deepfeed.qa.testcases.LoginPageTest" name="loginTest" time="8.469"/>
  <testcase classname="com.deepfeed.qa.testcases.HomePageTest" name="verifyHomepageTitleTest" time="0.028"/>
</testsuite> <!-- Free CRM App Test Cases -->
