<?xml version="1.0" encoding="UTF-8"?>
<!-- Generated by org.testng.reporters.JUnitXMLReporter -->
<testsuite ignored="0" hostname="LAPTOP-OO5J369G" failures="0" tests="2" name="Default test" time="41.374" errors="0" timestamp="07 Jan 2024 07:15:26 GMT">
  <testcase classname="com.deepfeed.qa.testcases.HomePageTest" name="verifyUsernameTes" time="2.771"/>
  <testcase classname="com.deepfeed.qa.testcases.HomePageTest" name="verifyHomepageTitleTest" time="0.022"/>
</testsuite> <!-- Default test -->
