<?xml version="1.0" encoding="UTF-8"?>
<testng-results ignored="0" total="4" passed="4" failed="0" skipped="0">
  <reporter-output>
  </reporter-output>
  <suite started-at="2024-01-16T05:25:35Z" name="FREE CRM Application Test Automation Test Suite" finished-at="2024-01-16T05:27:11Z" duration-ms="95387">
    <groups>
    </groups>
    <test started-at="2024-01-16T05:25:35Z" name="Free CRM App Test Cases" finished-at="2024-01-16T05:27:11Z" duration-ms="95387">
      <class name="com.deepfeed.qa.testcases.LoginPageTest">
        <test-method is-config="true" signature="SetUp()[pri:0, instance:com.deepfeed.qa.testcases.LoginPageTest@7f0eb4b4]" started-at="2024-01-16T10:55:36Z" name="SetUp" finished-at="2024-01-16T10:55:56Z" duration-ms="20732" status="PASS">
          <reporter-output>
          </reporter-output>
        </test-method> <!-- SetUp -->
        <test-method signature="LoginPageTitleTest()[pri:1, instance:com.deepfeed.qa.testcases.LoginPageTest@7f0eb4b4]" started-at="2024-01-16T10:55:56Z" name="LoginPageTitleTest" finished-at="2024-01-16T10:55:56Z" duration-ms="45" status="PASS">
          <reporter-output>
          </reporter-output>
        </test-method> <!-- LoginPageTitleTest -->
        <test-method is-config="true" signature="Teardown()[pri:0, instance:com.deepfeed.qa.testcases.LoginPageTest@7f0eb4b4]" started-at="2024-01-16T10:55:56Z" name="Teardown" finished-at="2024-01-16T10:55:57Z" duration-ms="309" status="PASS">
          <reporter-output>
          </reporter-output>
        </test-method> <!-- Teardown -->
        <test-method is-config="true" signature="SetUp()[pri:0, instance:com.deepfeed.qa.testcases.LoginPageTest@7f0eb4b4]" started-at="2024-01-16T10:56:23Z" name="SetUp" finished-at="2024-01-16T10:56:38Z" duration-ms="14603" status="PASS">
          <reporter-output>
          </reporter-output>
        </test-method> <!-- SetUp -->
        <test-method signature="loginTest()[pri:2, instance:com.deepfeed.qa.testcases.LoginPageTest@7f0eb4b4]" started-at="2024-01-16T10:56:38Z" name="loginTest" finished-at="2024-01-16T10:56:46Z" duration-ms="8469" status="PASS">
          <reporter-output>
          </reporter-output>
        </test-method> <!-- loginTest -->
        <test-method is-config="true" signature="Teardown()[pri:0, instance:com.deepfeed.qa.testcases.LoginPageTest@7f0eb4b4]" started-at="2024-01-16T10:56:46Z" name="Teardown" finished-at="2024-01-16T10:56:47Z" duration-ms="458" status="PASS">
          <reporter-output>
          </reporter-output>
        </test-method> <!-- Teardown -->
      </class> <!-- com.deepfeed.qa.testcases.LoginPageTest -->
      <class name="com.deepfeed.qa.testcases.HomePageTest">
        <test-method is-config="true" signature="setup()[pri:0, instance:com.deepfeed.qa.testcases.HomePageTest@5c33f1a9]" started-at="2024-01-16T10:55:57Z" name="setup" finished-at="2024-01-16T10:56:20Z" duration-ms="23548" status="PASS">
          <reporter-output>
          </reporter-output>
        </test-method> <!-- setup -->
        <test-method signature="verifyUsernameTes()[pri:1, instance:com.deepfeed.qa.testcases.HomePageTest@5c33f1a9]" started-at="2024-01-16T10:56:20Z" name="verifyUsernameTes" finished-at="2024-01-16T10:56:23Z" duration-ms="2914" status="PASS">
          <reporter-output>
          </reporter-output>
        </test-method> <!-- verifyUsernameTes -->
        <test-method is-config="true" signature="teardown()[pri:0, instance:com.deepfeed.qa.testcases.HomePageTest@5c33f1a9]" started-at="2024-01-16T10:56:23Z" name="teardown" finished-at="2024-01-16T10:56:23Z" duration-ms="327" status="PASS">
          <reporter-output>
          </reporter-output>
        </test-method> <!-- teardown -->
        <test-method is-config="true" signature="setup()[pri:0, instance:com.deepfeed.qa.testcases.HomePageTest@5c33f1a9]" started-at="2024-01-16T10:56:47Z" name="setup" finished-at="2024-01-16T10:57:10Z" duration-ms="23534" status="PASS">
          <reporter-output>
          </reporter-output>
        </test-method> <!-- setup -->
        <test-method signature="verifyHomepageTitleTest()[pri:2, instance:com.deepfeed.qa.testcases.HomePageTest@5c33f1a9]" started-at="2024-01-16T10:57:10Z" name="verifyHomepageTitleTest" finished-at="2024-01-16T10:57:11Z" duration-ms="28" status="PASS">
          <reporter-output>
          </reporter-output>
        </test-method> <!-- verifyHomepageTitleTest -->
        <test-method is-config="true" signature="teardown()[pri:0, instance:com.deepfeed.qa.testcases.HomePageTest@5c33f1a9]" started-at="2024-01-16T10:57:11Z" name="teardown" finished-at="2024-01-16T10:57:11Z" duration-ms="338" status="PASS">
          <reporter-output>
          </reporter-output>
        </test-method> <!-- teardown -->
      </class> <!-- com.deepfeed.qa.testcases.HomePageTest -->
    </test> <!-- Free CRM App Test Cases -->
  </suite> <!-- FREE CRM Application Test Automation Test Suite -->
</testng-results>
